DoitMission-12/app/build/intermediates/manifest_merge_blame_file/debug/manifest-merger-blame-debug-report.txt
1<?xml version="1.0" encoding="utf-8"?>
2<manifest xmlns:android="http://schemas.android.com/apk/res/android"
3    package="com.highfive.doitmission12"
4    android:versionCode="1"
5    android:versionName="1.0" >
6
7    <uses-sdk
8        android:minSdkVersion="16"
8-->src\main\AndroidManifest.xml
9        android:targetSdkVersion="30" />
9-->src\main\AndroidManifest.xml
10
11    <application
11-->src\main\AndroidManifest.xml:5:5-30:19
12        android:allowBackup="true"
12-->src\main\AndroidManifest.xml:6:9-35
13        android:appComponentFactory="androidx.core.app.CoreComponentFactory"
13-->[androidx.core:core:1.5.0] AndroidManifest.xml:24:18-86
14        android:debuggable="true"
15        android:icon="@mipmap/ic_launcher"
15-->src\main\AndroidManifest.xml:7:9-43
16        android:label="@string/app_name"
16-->src\main\AndroidManifest.xml:8:9-41
17        android:roundIcon="@mipmap/ic_launcher_round"
17-->src\main\AndroidManifest.xml:9:9-54
18        android:supportsRtl="true"
18-->src\main\AndroidManifest.xml:10:9-35
19        android:testOnly="true"
20        android:theme="@style/Theme.DoitMission12" >
20-->src\main\AndroidManifest.xml:11:9-51
21        <receiver
21-->src\main\AndroidManifest.xml:12:9-16:20
22            android:name="com.highfive.doitmission12.MyReceiver"
22-->src\main\AndroidManifest.xml:13:13-39
23            android:enabled="true"
23-->src\main\AndroidManifest.xml:14:13-35
24            android:exported="true" >
24-->src\main\AndroidManifest.xml:15:13-36
25        </receiver>
26
27        <service
27-->src\main\AndroidManifest.xml:18:9-21:39
28            android:name="com.highfive.doitmission12.MyService"
28-->src\main\AndroidManifest.xml:19:13-38
29            android:enabled="true"
29-->src\main\AndroidManifest.xml:20:13-35
30            android:exported="true" />
30-->src\main\AndroidManifest.xml:21:13-36
31
32        <activity android:name="com.highfive.doitmission12.MainActivity" >
32-->src\main\AndroidManifest.xml:23:9-29:20
32-->src\main\AndroidManifest.xml:23:19-47
33            <intent-filter>
33-->src\main\AndroidManifest.xml:24:13-28:29
34                <action android:name="android.intent.action.MAIN" />
34-->src\main\AndroidManifest.xml:25:17-69
34-->src\main\AndroidManifest.xml:25:25-66
35
36                <category android:name="android.intent.category.LAUNCHER" />
36-->src\main\AndroidManifest.xml:27:17-77
36-->src\main\AndroidManifest.xml:27:27-74
37            </intent-filter>
38        </activity>
39    </application>
40
41</manifest>